Arguments: 
  /home/damon/.nvm/versions/node/v8.9.2/bin/node /usr/bin/yarn install

PATH: 
  /home/damon/.nvm/versions/node/v8.9.2/bin:/usr/local/sbin:/usr/local/bin:/usr/bin:/usr/bin/site_perl:/usr/bin/vendor_perl:/usr/bin/core_perl:/home/damon/bin:/home/damon/.rice/utils

Yarn version: 
  1.3.2

Node version: 
  8.9.2

Platform: 
  linux x64

npm manifest: 
  {
    "name": "remote_controlled_bunny",
    "version": "1.0.0",
    "description": "Game about transmission",
    "scripts": {
      "build": "webpack --config webpack.prod.config.js --progress",
      "serve": "http-server ./dist -p 80",
      "test": "mocha --require ts-node/register --watch --watch-extensions js,ts,tsx client/test/index.ts",
      "server": "NODE_ENV=production ts-node server/index.js",
      "start": "webpack-dev-server --config webpack.dev.config.js -d --inline --hot --progress --no-info --port 8000",
      "start:offline": "MODE=offline webpack-dev-server --config webpack.dev.config.js -d --inline --hot --progress --no-info --port 8000"
    },
    "engines": {
      "node": ">= 7.0.0"
    },
    "author": "Team GGJ2018",
    "license": "MIT",
    "devDependencies": {
      "@types/chai": "^4.1.2",
      "@types/howler": "^2.0.5",
      "@types/mocha": "^2.2.47",
      "@types/node": "^9.3.0",
      "@types/pixi.js": "^4.6.3",
      "@types/gsap": "^1.19.1",
      "@types/lodash": "^4.14.97",
      "chai": "^4.1.2",
      "copy-webpack-plugin": "^4.3.1",
      "expose-loader": "^0.7.1",
      "html-webpack-plugin": "^2.29.0",
      "kalm": "^2.6.1",
      "kalm-secure-websocket": "^1.0.0",
      "mocha": "^5.0.0",
      "nodemon": "^1.14.11",
      "rimraf": "^2.5.4",
      "ts-loader": "^3.3.1",
      "ts-node": "^4.1.0",
      "url-loader": "^0.6.2",
      "webpack": "^3.10.0",
      "webpack-dev-server": "^2.9.7",
      "webpack-obfuscator": "^0.13.0",
      "webpack-uglify-js-plugin": "^1.1.9",
      "worker-loader": "^1.1.0"
    },
    "dependencies": {
      "kalm": "^2.6.1",
      "kalm-secure-websocket": "^1.0.0",
      "kalm-websocket": "^3.3.0"
      "gsap": "^1.20.3",
      "howler": "^2.0.7",
      "http-server": "^0.11.1",
      "lodash": "^4.17.4",
      "pixi.js": "^4.7.0",
      "typescript": "^2.6.2"
    }
  }

yarn manifest: 
  No manifest

Lockfile: 
  No lockfile

Trace: 
  SyntaxError: /home/damon/workspace/ggj2018/package.json: Unexpected string in JSON at position 1618
      at JSON.parse (<anonymous>)
      at /usr/lib/node_modules/yarn/lib/cli.js:770:59
      at Generator.next (<anonymous>)
      at step (/usr/lib/node_modules/yarn/lib/cli.js:92:30)
      at /usr/lib/node_modules/yarn/lib/cli.js:103:13
      at <anonymous>
